Arguments: 
  C:\Program Files\nodejs\node.exe C:\Users\ANJARASOA Bernardin\AppData\Roaming\npm\node_modules\yarn\bin\yarn.js add @expo/vector-icons

PATH: 
  C:\Program Files (x86)\Common Files\Oracle\Java\javapath;C:\ProgramData\Oracle\Java\javapath;C:\WINDOWS\system32;C:\WINDOWS;C:\WINDOWS\System32\Wbem;C:\WINDOWS\System32\WindowsPowerShell\v1.0\;C:\WINDOWS\System32\OpenSSH\;C:\Program Files\nodejs\;C:\Program Files\Git\cmd;C:\wamp64\bin\php\php5.6.40;C:\composer;C:\xampp\php;;C:\Program Files\Symfony;C:\Users\ANJARASOA Bernardin\AppData\Local\Microsoft\WindowsApps;C:\Users\ANJARASOA Bernardin\AppData\Roaming\npm;C:\Users\ANJARASOA Bernardin\AppData\Local\Programs\Microsoft VS Code\bin;C:\Users\ANJARASOA Bernardin\AppData\Roaming\Composer\vendor\bin;

Yarn version: 
  1.22.15

Node version: 
  14.17.6

Platform: 
  win32 x64

Trace: 
  Error: 10520:error:1408F119:SSL routines:ssl3_get_record:decryption failed or bad record mac:c:\ws\deps\openssl\openssl\ssl\record\ssl3_record.c:677:

npm manifest: 
  {
    "main": "node_modules/expo/AppEntry.js",
    "scripts": {
      "start": "expo start",
      "android": "expo start --android",
      "ios": "expo start --ios",
      "web": "expo start --web",
      "eject": "expo eject",
      "test": "jest --watchAll"
    },
    "jest": {
      "preset": "jest-expo"
    },
    "dependencies": {
      "@expo/vector-icons": "^12.0.0",
      "@react-navigation/bottom-tabs": "^6.0.5",
      "@react-navigation/native": "^6.0.2",
      "@react-navigation/native-stack": "^6.1.0",
      "expo": "~43.0.2",
      "expo-asset": "~8.4.3",
      "expo-constants": "~12.1.3",
      "expo-font": "~10.0.3",
      "expo-linking": "~2.4.2",
      "expo-splash-screen": "~0.13.5",
      "expo-status-bar": "~1.1.0",
      "expo-web-browser": "~10.0.3",
      "react": "17.0.1",
      "react-dom": "17.0.1",
      "react-native": "0.64.3",
      "react-native-safe-area-context": "3.3.2",
      "react-native-screens": "~3.8.0",
      "react-native-web": "0.17.1"
    },
    "devDependencies": {
      "@babel/core": "^7.12.9",
      "@types/react": "~17.0.21",
      "@types/react-native": "~0.64.12",
      "jest-expo": "~43.0.0",
      "typescript": "~4.3.5"
    },
    "private": true
  }

yarn manifest: 
  No manifest

Lockfile: 
  No lockfile
